\BOOKMARK [0][-]{chapter.1}{Introduction}{}% 1
\BOOKMARK [1][-]{section.1.1}{Modeling via differential equations, some solutions and definitions}{chapter.1}% 2
\BOOKMARK [1][-]{section.1.2}{Slope fields \(direction fields\)}{chapter.1}% 3
\BOOKMARK [0][-]{chapter.2}{First Order Differential Equations}{}% 4
\BOOKMARK [1][-]{section.2.1}{Linear equations and integrating factors}{chapter.2}% 5
\BOOKMARK [1][-]{section.2.2}{Separable equations}{chapter.2}% 6
\BOOKMARK [1][-]{section.2.3}{Separable homogeneous equations and the substitution method}{chapter.2}% 7
\BOOKMARK [1][-]{section.2.4}{Modeling with Differential Equations}{chapter.2}% 8
\BOOKMARK [1][-]{section.2.5}{Modeling with differential equations - more problems}{chapter.2}% 9
\BOOKMARK [1][-]{section.2.6}{Existence and Uniqueness of Solutions}{chapter.2}% 10
\BOOKMARK [1][-]{section.2.7}{Autonomous Equations and Population dynamics}{chapter.2}% 11
\BOOKMARK [1][-]{section.2.8}{Exact equations}{chapter.2}% 12
\BOOKMARK [1][-]{section.2.9}{Euler's method}{chapter.2}% 13
\BOOKMARK [0][-]{chapter.3}{Second Order Linear Equations}{}% 14
\BOOKMARK [1][-]{section.3.1}{Motivation - mass-spring systems.}{chapter.3}% 15
\BOOKMARK [1][-]{section.3.2}{Second order linear equations}{chapter.3}% 16
\BOOKMARK [1][-]{section.3.3}{Solutions to Linear Equations; the Wronskian}{chapter.3}% 17
\BOOKMARK [1][-]{section.3.4}{Complex roots of the characteristic equation}{chapter.3}% 18
\BOOKMARK [1][-]{section.3.5}{Repeated roots; Reduction of order}{chapter.3}% 19
\BOOKMARK [1][-]{section.3.6}{Non-homogeneous equations - Undetermined coefficients}{chapter.3}% 20
\BOOKMARK [1][-]{section.3.7}{Variation of Parameters}{chapter.3}% 21
\BOOKMARK [1][-]{section.3.8}{Harmonic oscillations}{chapter.3}% 22
\BOOKMARK [1][-]{section.3.9}{Forced oscillations}{chapter.3}% 23
\BOOKMARK [0][-]{chapter.4}{Higher order differential equations}{}% 24
\BOOKMARK [1][-]{section.4.1}{Linear equations}{chapter.4}% 25
\BOOKMARK [1][-]{section.4.2}{The Method of Undetermined Coefficients}{chapter.4}% 26
\BOOKMARK [0][-]{chapter.5}{Series Solutions}{}% 27
\BOOKMARK [1][-]{section.5.1}{Power Series}{chapter.5}% 28
\BOOKMARK [1][-]{section.5.2}{Method of series solutions}{chapter.5}% 29
\BOOKMARK [0][-]{chapter.6}{The Laplace Transform}{}% 30
\BOOKMARK [1][-]{section.6.1}{The definition of the Laplace transform}{chapter.6}% 31
\BOOKMARK [1][-]{section.6.2}{The Laplace Transform and Initial Value Problems}{chapter.6}% 32
\BOOKMARK [1][-]{section.6.3}{Solutions to higher order IVPs}{chapter.6}% 33
\BOOKMARK [1][-]{section.6.4}{Step functions}{chapter.6}% 34
\BOOKMARK [1][-]{section.6.5}{ODEs with discontinuous forcing functions}{chapter.6}% 35
\BOOKMARK [1][-]{section.6.6}{Impulse functions}{chapter.6}% 36
\BOOKMARK [1][-]{section.6.7}{The convolution integral}{chapter.6}% 37
\BOOKMARK [0][-]{appendix.A}{A fast quadratic method}{}% 38
\BOOKMARK [0][-]{appendix.B}{Exercises for Chapter 1}{}% 39
\BOOKMARK [1][-]{section.B.1}{Section 1.1}{appendix.B}% 40
\BOOKMARK [1][-]{section.B.2}{Section 1.2}{appendix.B}% 41
\BOOKMARK [0][-]{appendix.C}{Exercises for Chapter 2}{}% 42
\BOOKMARK [1][-]{section.C.1}{Section 2.1}{appendix.C}% 43
\BOOKMARK [1][-]{section.C.2}{Section 2.2}{appendix.C}% 44
\BOOKMARK [1][-]{section.C.3}{Section 2.3}{appendix.C}% 45
\BOOKMARK [1][-]{section.C.4}{Section 2.4}{appendix.C}% 46
\BOOKMARK [1][-]{section.C.5}{Section 2.5}{appendix.C}% 47
\BOOKMARK [1][-]{section.C.6}{Section 2.6}{appendix.C}% 48
\BOOKMARK [1][-]{section.C.7}{Section 2.7}{appendix.C}% 49
\BOOKMARK [1][-]{section.C.8}{Section 2.8}{appendix.C}% 50
\BOOKMARK [1][-]{section.C.9}{Section 2.9}{appendix.C}% 51
\BOOKMARK [0][-]{appendix.D}{Exercises for Chapter 3}{}% 52
\BOOKMARK [1][-]{section.D.1}{Section 3.2}{appendix.D}% 53
\BOOKMARK [1][-]{section.D.2}{Section 3.3}{appendix.D}% 54
\BOOKMARK [1][-]{section.D.3}{Section 3.4}{appendix.D}% 55
\BOOKMARK [1][-]{section.D.4}{Section 3.5}{appendix.D}% 56
\BOOKMARK [1][-]{section.D.5}{Section 3.6}{appendix.D}% 57
\BOOKMARK [1][-]{section.D.6}{Section 3.7}{appendix.D}% 58
\BOOKMARK [1][-]{section.D.7}{Section 3.8/Section 3.9}{appendix.D}% 59
\BOOKMARK [0][-]{appendix.E}{Exercises for Chapter 4}{}% 60
\BOOKMARK [1][-]{section.E.1}{Section 4.1}{appendix.E}% 61
\BOOKMARK [1][-]{section.E.2}{Section 4.2}{appendix.E}% 62
\BOOKMARK [0][-]{appendix.F}{Exercises for Chapter 6}{}% 63
\BOOKMARK [1][-]{section.F.1}{Section 6.1}{appendix.F}% 64
\BOOKMARK [1][-]{section.F.2}{Section 6.2}{appendix.F}% 65
\BOOKMARK [1][-]{section.F.3}{Section 6.3}{appendix.F}% 66
\BOOKMARK [1][-]{section.F.4}{Section 6.4}{appendix.F}% 67
\BOOKMARK [1][-]{section.F.5}{Section 6.5}{appendix.F}% 68
